<?xml version="1.0" encoding="UTF-8"?>
<!-- Generated by org.testng.reporters.JUnitReportReporter -->
<testsuite skipped="0" hostname="Rahul" name="com.app.MavenDemo" tests="2" failures="0" timestamp="25 Feb 2020 06:27:40 GMT" time="0.013" errors="0">
  <testcase name="f" time="0.008" classname="com.app.MavenDemo"/>
  <testcase name="f1" time="0.005" classname="com.app.MavenDemo"/>
</testsuite> <!-- com.app.MavenDemo -->
