<?xml version="1.0" encoding="UTF-8"?>
<!-- Generated by org.testng.reporters.JUnitReportReporter -->
<testsuite skipped="0" hostname="Rahul" name="com.app.FlowOfTestNG" tests="5" failures="0" timestamp="27 Feb 2020 04:41:03 GMT" time="0.041" errors="0">
  <testcase name="m5" time="0.006" classname="com.app.FlowOfTestNG"/>
  <testcase name="m3" time="0.010" classname="com.app.FlowOfTestNG"/>
  <testcase name="m1" time="0.019" classname="com.app.FlowOfTestNG"/>
  <testcase name="m4" time="0.004" classname="com.app.FlowOfTestNG"/>
  <testcase name="m2" time="0.002" classname="com.app.FlowOfTestNG"/>
</testsuite> <!-- com.app.FlowOfTestNG -->
