<?xml version="1.0" encoding="UTF-8"?>
<!-- Generated by org.testng.reporters.JUnitReportReporter -->
<testsuite skipped="0" hostname="Rahul" name="com.app.ExcelDataProvide" tests="5" failures="0" timestamp="27 Feb 2020 06:27:26 GMT" time="17.695" errors="0">
  <testcase name="f" time="3.342" classname="com.app.ExcelDataProvide"/>
  <testcase name="f" time="2.664" classname="com.app.ExcelDataProvide"/>
  <testcase name="f" time="2.787" classname="com.app.ExcelDataProvide"/>
  <testcase name="f" time="5.813" classname="com.app.ExcelDataProvide"/>
  <testcase name="f" time="3.089" classname="com.app.ExcelDataProvide"/>
</testsuite> <!-- com.app.ExcelDataProvide -->
