<?xml version="1.0" encoding="UTF-8"?>
<!-- Generated by org.testng.reporters.JUnitReportReporter -->
<testsuite skipped="0" hostname="Rahul" name="com.app.DatabaseDataProvide" tests="4" failures="0" timestamp="27 Feb 2020 07:50:13 GMT" time="17.729" errors="0">
  <testcase name="f" time="3.334" classname="com.app.DatabaseDataProvide"/>
  <testcase name="f" time="2.596" classname="com.app.DatabaseDataProvide"/>
  <testcase name="f" time="9.231" classname="com.app.DatabaseDataProvide"/>
  <testcase name="f" time="2.568" classname="com.app.DatabaseDataProvide"/>
</testsuite> <!-- com.app.DatabaseDataProvide -->
